<?xml version="1.0" encoding="UTF-8"?>
<testsuite name="com.bookstore.BookstoreApplicationTests" time="0.024" tests="1" errors="1" skipped="0" failures="0">
  <properties>
[...]
</properties>
  <testcase name="initializationError" classname="com.bookstore.BookstoreApplicationTests" time="0.024">
    <error message="Unable to find a @SpringBootConfiguration, you need to use @ContextConfiguration or @SpringBootTest(classes=...) with your test" type="java.lang.IllegalStateException"><![CDATA[java.lang.IllegalStateException: Unable to find a @SpringBootConfiguration, you need to use @ContextConfiguration or @SpringBootTest(classes=...) with your test
	at org.springframework.util.Assert.state(Assert.java:392)
	at org.springframework.boot.test.context.SpringBootTestContextBootstrapper.getOrFindConfigurationClasses(SpringBootTestContextBootstrapper.java:173)
	at org.springframework.boot.test.context.SpringBootTestContextBootstrapper.processMergedContextConfiguration(SpringBootTestContextBootstrapper.java:133)
	at org.springframework.test.context.support.AbstractTestContextBootstrapper.buildMergedContextConfiguration(AbstractTestContextBootstrapper.java:409)
	at org.springframework.test.context.support.AbstractTestContextBootstrapper.buildDefaultMergedContextConfiguration(AbstractTestContextBootstrapper.java:323)
	at org.springframework.test.context.support.AbstractTestContextBootstrapper.buildMergedContextConfiguration(AbstractTestContextBootstrapper.java:277)
	at org.springframework.test.context.support.AbstractTestContextBootstrapper.buildTestContext(AbstractTestContextBootstrapper.java:112)
	at org.springframework.boot.test.context.SpringBootTestContextBootstrapper.buildTestContext(SpringBootTestContextBootstrapper.java:78)
	at org.springframework.test.context.TestContextManager.<init>(TestContextManager.java:120)
	at org.springframework.test.context.TestContextManager.<init>(TestContextManager.java:105)
	at org.springframework.test.context.junit4.SpringJUnit4ClassRunner.createTestContextManager(SpringJUnit4ClassRunner.java:152)
	at org.springframework.test.context.junit4.SpringJUnit4ClassRunner.<init>(SpringJUnit4ClassRunner.java:143)
	at org.springframework.test.context.junit4.SpringRunner.<init>(SpringRunner.java:49)
	at sun.reflect.NativeConstructorAccessorImpl.newInstance0(Native Method)
	at sun.reflect.NativeConstructorAccessorImpl.newInstance(NativeConstructorAccessorImpl.java:62)
	at sun.reflect.DelegatingConstructorAccessorImpl.newInstance(DelegatingConstructorAccessorImpl.java:45)
	at java.lang.reflect.Constructor.newInstance(Constructor.java:423)
	at org.junit.internal.builders.AnnotatedBuilder.buildRunner(AnnotatedBuilder.java:104)
	at org.junit.internal.builders.AnnotatedBuilder.runnerForClass(AnnotatedBuilder.java:86)
	at org.junit.runners.model.RunnerBuilder.safeRunnerForClass(RunnerBuilder.java:59)
	at org.junit.internal.builders.AllDefaultPossibilitiesBuilder.runnerForClass(AllDefaultPossibilitiesBuilder.java:26)
	at org.junit.runners.model.RunnerBuilder.safeRunnerForClass(RunnerBuilder.java:59)
	at org.junit.internal.requests.ClassRequest.getRunner(ClassRequest.java:33)
	at org.apache.maven.surefire.junit4.JUnit4Provider.execute(JUnit4Provider.java:283)
	at org.apache.maven.surefire.junit4.JUnit4Provider.executeWithRerun(JUnit4Provider.java:173)
	at org.apache.maven.surefire.junit4.JUnit4Provider.executeTestSet(JUnit4Provider.java:153)
	at org.apache.maven.surefire.junit4.JUnit4Provider.invoke(JUnit4Provider.java:128)
	at org.apache.maven.surefire.booter.ForkedBooter.invokeProviderInSameClassLoader(ForkedBooter.java:203)
	at org.apache.maven.surefire.booter.ForkedBooter.runSuitesInProcess(ForkedBooter.java:155)
	at org.apache.maven.surefire.booter.ForkedBooter.main(ForkedBooter.java:103)
]]></error>
    <system-out><![CDATA[17:30:04.048 [main] DEBUG org.springframework.test.context.junit4.SpringJUnit4ClassRunner - SpringJUnit4ClassRunner constructor called with [class com.bookstore.BookstoreApplicationTests]
17:30:04.136 [main] DEBUG org.springframework.test.context.BootstrapUtils - Instantiating CacheAwareContextLoaderDelegate from class [org.springframework.test.context.cache.DefaultCacheAwareContextLoaderDelegate]
17:30:04.156 [main] DEBUG org.springframework.test.context.BootstrapUtils - Instantiating BootstrapContext using constructor [public org.springframework.test.context.support.DefaultBootstrapContext(java.lang.Class,org.springframework.test.context.CacheAwareContextLoaderDelegate)]
17:30:04.191 [main] DEBUG org.springframework.test.context.BootstrapUtils - Instantiating TestContextBootstrapper for test class [com.bookstore.BookstoreApplicationTests] from class [org.springframework.boot.test.context.SpringBootTestContextBootstrapper]
17:30:04.219 [main] INFO org.springframework.boot.test.context.SpringBootTestContextBootstrapper - Neither @ContextConfiguration nor @ContextHierarchy found for test class [com.bookstore.BookstoreApplicationTests], using SpringBootContextLoader
17:30:04.226 [main] DEBUG org.springframework.test.context.support.AbstractContextLoader - Did not detect default resource location for test class [com.bookstore.BookstoreApplicationTests]: class path resource [com/bookstore/BookstoreApplicationTests-context.xml] does not exist
17:30:04.227 [main] DEBUG org.springframework.test.context.support.AbstractContextLoader - Did not detect default resource location for test class [com.bookstore.BookstoreApplicationTests]: class path resource [com/bookstore/BookstoreApplicationTestsContext.groovy] does not exist
17:30:04.227 [main] INFO org.springframework.test.context.support.AbstractContextLoader - Could not detect default resource locations for test class [com.bookstore.BookstoreApplicationTests]: no resource found for suffixes {-context.xml, Context.groovy}.
17:30:04.228 [main] INFO org.springframework.test.context.support.AnnotationConfigContextLoaderUtils - Could not detect default configuration classes for test class [com.bookstore.BookstoreApplicationTests]: BookstoreApplicationTests does not declare any static, non-private, non-final, nested classes annotated with @Configuration.
17:30:04.322 [main] DEBUG org.springframework.test.context.support.ActiveProfilesUtils - Could not find an 'annotation declaring class' for annotation type [org.springframework.test.context.ActiveProfiles] and class [com.bookstore.BookstoreApplicationTests]
17:30:04.346 [main] DEBUG org.springframework.core.env.StandardEnvironment - Adding [systemProperties] PropertySource with lowest search precedence
17:30:04.350 [main] DEBUG org.springframework.core.env.StandardEnvironment - Adding [systemEnvironment] PropertySource with lowest search precedence
17:30:04.351 [main] DEBUG org.springframework.core.env.StandardEnvironment - Initialized StandardEnvironment with PropertySources [systemProperties,systemEnvironment]
17:30:04.390 [main] DEBUG org.springframework.core.io.support.PathMatchingResourcePatternResolver - Resolved classpath location [com/bookstore/] to resources [URL [file:/C:/Workspace2forIOS/bookstoreDemo/target/test-classes/com/bookstore/]]
17:30:04.392 [main] DEBUG org.springframework.core.io.support.PathMatchingResourcePatternResolver - Looking for matching resources in directory tree [C:\Workspace2forIOS\bookstoreDemo\target\test-classes\com\bookstore]
17:30:04.393 [main] DEBUG org.springframework.core.io.support.PathMatchingResourcePatternResolver - Searching directory [C:\Workspace2forIOS\bookstoreDemo\target\test-classes\com\bookstore] for files matching pattern [C:/Workspace2forIOS/bookstoreDemo/target/test-classes/com/bookstore/*.class]
17:30:04.406 [main] DEBUG org.springframework.core.io.support.PathMatchingResourcePatternResolver - Resolved location pattern [classpath*:com/bookstore/*.class] to resources [file [C:\Workspace2forIOS\bookstoreDemo\target\test-classes\com\bookstore\BookstoreApplicationTests.class]]
17:30:04.437 [main] DEBUG org.springframework.core.io.support.PathMatchingResourcePatternResolver - Resolved classpath location [com/] to resources [URL [file:/C:/Workspace2forIOS/bookstoreDemo/target/test-classes/com/], URL [file:/C:/Workspace2forIOS/bookstoreDemo/target/classes/com/], URL [jar:file:/C:/Tool/apache-maven-3.6.1-bin/Localrespositry/com/fasterxml/classmate/1.3.3/classmate-1.3.3.jar!/com/], URL [jar:file:/C:/Tool/apache-maven-3.6.1-bin/Localrespositry/com/fasterxml/jackson/core/jackson-databind/2.8.5/jackson-databind-2.8.5.jar!/com/], URL [jar:file:/C:/Tool/apache-maven-3.6.1-bin/Localrespositry/com/fasterxml/jackson/core/jackson-annotations/2.8.5/jackson-annotations-2.8.5.jar!/com/], URL [jar:file:/C:/Tool/apache-maven-3.6.1-bin/Localrespositry/com/fasterxml/jackson/core/jackson-core/2.8.5/jackson-core-2.8.5.jar!/com/], URL [jar:file:/C:/Tool/apache-maven-3.6.1-bin/Localrespositry/javax/mail/mail/1.4.7/mail-1.4.7.jar!/com/], URL [jar:file:/C:/Tool/apache-maven-3.6.1-bin/Localrespositry/javax/activation/activation/1.1/activation-1.1.jar!/com/], URL [jar:file:/C:/Tool/apache-maven-3.6.1-bin/Localrespositry/com/jayway/jsonpath/json-path/2.2.0/json-path-2.2.0.jar!/com/]]
17:30:04.437 [main] DEBUG org.springframework.core.io.support.PathMatchingResourcePatternResolver - Looking for matching resources in directory tree [C:\Workspace2forIOS\bookstoreDemo\target\test-classes\com]
17:30:04.438 [main] DEBUG org.springframework.core.io.support.PathMatchingResourcePatternResolver - Searching directory [C:\Workspace2forIOS\bookstoreDemo\target\test-classes\com] for files matching pattern [C:/Workspace2forIOS/bookstoreDemo/target/test-classes/com/*.class]
17:30:04.439 [main] DEBUG org.springframework.core.io.support.PathMatchingResourcePatternResolver - Looking for matching resources in directory tree [C:\Workspace2forIOS\bookstoreDemo\target\classes\com]
17:30:04.439 [main] DEBUG org.springframework.core.io.support.PathMatchingResourcePatternResolver - Searching directory [C:\Workspace2forIOS\bookstoreDemo\target\classes\com] for files matching pattern [C:/Workspace2forIOS/bookstoreDemo/target/classes/com/*.class]
17:30:04.440 [main] DEBUG org.springframework.core.io.support.PathMatchingResourcePatternResolver - Looking for matching resources in jar file [file:/C:/Tool/apache-maven-3.6.1-bin/Localrespositry/com/fasterxml/classmate/1.3.3/classmate-1.3.3.jar]
17:30:04.443 [main] DEBUG org.springframework.core.io.support.PathMatchingResourcePatternResolver - Looking for matching resources in jar file [file:/C:/Tool/apache-maven-3.6.1-bin/Localrespositry/com/fasterxml/jackson/core/jackson-databind/2.8.5/jackson-databind-2.8.5.jar]
17:30:04.456 [main] DEBUG org.springframework.core.io.support.PathMatchingResourcePatternResolver - Looking for matching resources in jar file [file:/C:/Tool/apache-maven-3.6.1-bin/Localrespositry/com/fasterxml/jackson/core/jackson-annotations/2.8.5/jackson-annotations-2.8.5.jar]
17:30:04.458 [main] DEBUG org.springframework.core.io.support.PathMatchingResourcePatternResolver - Looking for matching resources in jar file [file:/C:/Tool/apache-maven-3.6.1-bin/Localrespositry/com/fasterxml/jackson/core/jackson-core/2.8.5/jackson-core-2.8.5.jar]
17:30:04.469 [main] DEBUG org.springframework.core.io.support.PathMatchingResourcePatternResolver - Looking for matching resources in jar file [file:/C:/Tool/apache-maven-3.6.1-bin/Localrespositry/javax/mail/mail/1.4.7/mail-1.4.7.jar]
17:30:04.471 [main] DEBUG org.springframework.core.io.support.PathMatchingResourcePatternResolver - Looking for matching resources in jar file [file:/C:/Tool/apache-maven-3.6.1-bin/Localrespositry/javax/activation/activation/1.1/activation-1.1.jar]
17:30:04.472 [main] DEBUG org.springframework.core.io.support.PathMatchingResourcePatternResolver - Looking for matching resources in jar file [file:/C:/Tool/apache-maven-3.6.1-bin/Localrespositry/com/jayway/jsonpath/json-path/2.2.0/json-path-2.2.0.jar]
17:30:04.473 [main] DEBUG org.springframework.core.io.support.PathMatchingResourcePatternResolver - Resolved location pattern [classpath*:com/*.class] to resources []
17:30:04.485 [main] DEBUG org.springframework.test.context.junit4.SpringJUnit4ClassRunner - SpringJUnit4ClassRunner constructor called with [class com.bookstore.BookstoreApplicationTests]
17:30:04.485 [main] DEBUG org.springframework.test.context.BootstrapUtils - Instantiating CacheAwareContextLoaderDelegate from class [org.springframework.test.context.cache.DefaultCacheAwareContextLoaderDelegate]
17:30:04.486 [main] DEBUG org.springframework.test.context.BootstrapUtils - Instantiating BootstrapContext using constructor [public org.springframework.test.context.support.DefaultBootstrapContext(java.lang.Class,org.springframework.test.context.CacheAwareContextLoaderDelegate)]
17:30:04.486 [main] DEBUG org.springframework.test.context.BootstrapUtils - Instantiating TestContextBootstrapper for test class [com.bookstore.BookstoreApplicationTests] from class [org.springframework.boot.test.context.SpringBootTestContextBootstrapper]
17:30:04.487 [main] INFO org.springframework.boot.test.context.SpringBootTestContextBootstrapper - Neither @ContextConfiguration nor @ContextHierarchy found for test class [com.bookstore.BookstoreApplicationTests], using SpringBootContextLoader
17:30:04.488 [main] DEBUG org.springframework.test.context.support.AbstractContextLoader - Did not detect default resource location for test class [com.bookstore.BookstoreApplicationTests]: class path resource [com/bookstore/BookstoreApplicationTests-context.xml] does not exist
17:30:04.489 [main] DEBUG org.springframework.test.context.support.AbstractContextLoader - Did not detect default resource location for test class [com.bookstore.BookstoreApplicationTests]: class path resource [com/bookstore/BookstoreApplicationTestsContext.groovy] does not exist
17:30:04.489 [main] INFO org.springframework.test.context.support.AbstractContextLoader - Could not detect default resource locations for test class [com.bookstore.BookstoreApplicationTests]: no resource found for suffixes {-context.xml, Context.groovy}.
17:30:04.490 [main] INFO org.springframework.test.context.support.AnnotationConfigContextLoaderUtils - Could not detect default configuration classes for test class [com.bookstore.BookstoreApplicationTests]: BookstoreApplicationTests does not declare any static, non-private, non-final, nested classes annotated with @Configuration.
17:30:04.506 [main] DEBUG org.springframework.test.context.support.ActiveProfilesUtils - Could not find an 'annotation declaring class' for annotation type [org.springframework.test.context.ActiveProfiles] and class [com.bookstore.BookstoreApplicationTests]
17:30:04.508 [main] DEBUG org.springframework.core.env.StandardEnvironment - Adding [systemProperties] PropertySource with lowest search precedence
17:30:04.509 [main] DEBUG org.springframework.core.env.StandardEnvironment - Adding [systemEnvironment] PropertySource with lowest search precedence
17:30:04.510 [main] DEBUG org.springframework.core.env.StandardEnvironment - Initialized StandardEnvironment with PropertySources [systemProperties,systemEnvironment]
17:30:04.511 [main] DEBUG org.springframework.core.io.support.PathMatchingResourcePatternResolver - Resolved classpath location [com/bookstore/] to resources [URL [file:/C:/Workspace2forIOS/bookstoreDemo/target/test-classes/com/bookstore/]]
17:30:04.511 [main] DEBUG org.springframework.core.io.support.PathMatchingResourcePatternResolver - Looking for matching resources in directory tree [C:\Workspace2forIOS\bookstoreDemo\target\test-classes\com\bookstore]
17:30:04.512 [main] DEBUG org.springframework.core.io.support.PathMatchingResourcePatternResolver - Searching directory [C:\Workspace2forIOS\bookstoreDemo\target\test-classes\com\bookstore] for files matching pattern [C:/Workspace2forIOS/bookstoreDemo/target/test-classes/com/bookstore/*.class]
17:30:04.514 [main] DEBUG org.springframework.core.io.support.PathMatchingResourcePatternResolver - Resolved location pattern [classpath*:com/bookstore/*.class] to resources [file [C:\Workspace2forIOS\bookstoreDemo\target\test-classes\com\bookstore\BookstoreApplicationTests.class]]
17:30:04.518 [main] DEBUG org.springframework.core.io.support.PathMatchingResourcePatternResolver - Resolved classpath location [com/] to resources [URL [file:/C:/Workspace2forIOS/bookstoreDemo/target/test-classes/com/], URL [file:/C:/Workspace2forIOS/bookstoreDemo/target/classes/com/], URL [jar:file:/C:/Tool/apache-maven-3.6.1-bin/Localrespositry/com/fasterxml/classmate/1.3.3/classmate-1.3.3.jar!/com/], URL [jar:file:/C:/Tool/apache-maven-3.6.1-bin/Localrespositry/com/fasterxml/jackson/core/jackson-databind/2.8.5/jackson-databind-2.8.5.jar!/com/], URL [jar:file:/C:/Tool/apache-maven-3.6.1-bin/Localrespositry/com/fasterxml/jackson/core/jackson-annotations/2.8.5/jackson-annotations-2.8.5.jar!/com/], URL [jar:file:/C:/Tool/apache-maven-3.6.1-bin/Localrespositry/com/fasterxml/jackson/core/jackson-core/2.8.5/jackson-core-2.8.5.jar!/com/], URL [jar:file:/C:/Tool/apache-maven-3.6.1-bin/Localrespositry/javax/mail/mail/1.4.7/mail-1.4.7.jar!/com/], URL [jar:file:/C:/Tool/apache-maven-3.6.1-bin/Localrespositry/javax/activation/activation/1.1/activation-1.1.jar!/com/], URL [jar:file:/C:/Tool/apache-maven-3.6.1-bin/Localrespositry/com/jayway/jsonpath/json-path/2.2.0/json-path-2.2.0.jar!/com/]]
17:30:04.519 [main] DEBUG org.springframework.core.io.support.PathMatchingResourcePatternResolver - Looking for matching resources in directory tree [C:\Workspace2forIOS\bookstoreDemo\target\test-classes\com]
17:30:04.520 [main] DEBUG org.springframework.core.io.support.PathMatchingResourcePatternResolver - Searching directory [C:\Workspace2forIOS\bookstoreDemo\target\test-classes\com] for files matching pattern [C:/Workspace2forIOS/bookstoreDemo/target/test-classes/com/*.class]
17:30:04.521 [main] DEBUG org.springframework.core.io.support.PathMatchingResourcePatternResolver - Looking for matching resources in directory tree [C:\Workspace2forIOS\bookstoreDemo\target\classes\com]
17:30:04.522 [main] DEBUG org.springframework.core.io.support.PathMatchingResourcePatternResolver - Searching directory [C:\Workspace2forIOS\bookstoreDemo\target\classes\com] for files matching pattern [C:/Workspace2forIOS/bookstoreDemo/target/classes/com/*.class]
17:30:04.523 [main] DEBUG org.springframework.core.io.support.PathMatchingResourcePatternResolver - Looking for matching resources in jar file [file:/C:/Tool/apache-maven-3.6.1-bin/Localrespositry/com/fasterxml/classmate/1.3.3/classmate-1.3.3.jar]
17:30:04.524 [main] DEBUG org.springframework.core.io.support.PathMatchingResourcePatternResolver - Looking for matching resources in jar file [file:/C:/Tool/apache-maven-3.6.1-bin/Localrespositry/com/fasterxml/jackson/core/jackson-databind/2.8.5/jackson-databind-2.8.5.jar]
17:30:04.529 [main] DEBUG org.springframework.core.io.support.PathMatchingResourcePatternResolver - Looking for matching resources in jar file [file:/C:/Tool/apache-maven-3.6.1-bin/Localrespositry/com/fasterxml/jackson/core/jackson-annotations/2.8.5/jackson-annotations-2.8.5.jar]
17:30:04.532 [main] DEBUG org.springframework.core.io.support.PathMatchingResourcePatternResolver - Looking for matching resources in jar file [file:/C:/Tool/apache-maven-3.6.1-bin/Localrespositry/com/fasterxml/jackson/core/jackson-core/2.8.5/jackson-core-2.8.5.jar]
17:30:04.533 [main] DEBUG org.springframework.core.io.support.PathMatchingResourcePatternResolver - Looking for matching resources in jar file [file:/C:/Tool/apache-maven-3.6.1-bin/Localrespositry/javax/mail/mail/1.4.7/mail-1.4.7.jar]
17:30:04.535 [main] DEBUG org.springframework.core.io.support.PathMatchingResourcePatternResolver - Looking for matching resources in jar file [file:/C:/Tool/apache-maven-3.6.1-bin/Localrespositry/javax/activation/activation/1.1/activation-1.1.jar]
17:30:04.537 [main] DEBUG org.springframework.core.io.support.PathMatchingResourcePatternResolver - Looking for matching resources in jar file [file:/C:/Tool/apache-maven-3.6.1-bin/Localrespositry/com/jayway/jsonpath/json-path/2.2.0/json-path-2.2.0.jar]
17:30:04.540 [main] DEBUG org.springframework.core.io.support.PathMatchingResourcePatternResolver - Resolved location pattern [classpath*:com/*.class] to resources []
]]></system-out>
  </testcase>
</testsuite>